* using log directory ‘/Users/dharnet/projects/RiboseQC/..Rcheck’
* using R version 3.5.1 (2018-07-02)
* using platform: x86_64-apple-darwin13.4.0 (64-bit)
* using session charset: UTF-8
* checking for file ‘./DESCRIPTION’ ... OK
* this is package ‘RiboseQC’ version ‘0.99.0’
* package encoding: UTF-8
* checking package namespace information ... OK
* checking package dependencies ... ERROR
Packages required but not available:
  ‘devtools’ ‘ggplot2’ ‘DT’ ‘gridExtra’ ‘ggpubr’ ‘viridis’

Namespace dependencies not required:
  ‘BSgenome’ ‘BiocGenerics’ ‘Biostrings’ ‘GenomicAlignments’
  ‘GenomicFiles’ ‘rtracklayer’

Depends: includes the non-default packages:
  ‘rmarkdown’ ‘devtools’ ‘reshape2’ ‘ggplot2’ ‘knitr’ ‘DT’ ‘gridExtra’
  ‘ggpubr’ ‘viridis’
Adding so many packages to the search path is excessive and importing
selectively is preferable.

See section ‘The DESCRIPTION file’ in the ‘Writing R Extensions’
manual.
* DONE
Status: 1 ERROR
